15 = 5 x 3
15 = 3 x 5
15 = 5 x 3
15 = 3 x 5
35 = 5 x 7
217 = 7 x 31
1891 = 31 x 61
4819 = 61 x 79
2291 = 79 x 29
2987 = 29 x 103
3811 = 103 x 37
1739 = 37 x 47
2491 = 47 x 53
4717 = 53 x 89
445 = 89 x 5
65 = 5 x 13
1079 = 13 x 83
8383 = 83 x 101
5353 = 101 x 53
901 = 53 x 17
187 = 17 x 11
649 = 11 x 59
1003 = 59 x 17
697 = 17 x 41
3239 = 41 x 79
7663 = 79 x 97
291 = 97 x 3
123 = 3 x 41
779 = 41 x 19
1007 = 19 x 53
3551 = 53 x 67
1943 = 67 x 29
2117 = 29 x 73
1679 = 73 x 23
989 = 23 x 43
3053 = 43 x 71
Case #1: BABABCJQUIZKNOWBEVYOFDPFLUXALGORITHMS
3292937 = 1669 x 1973
175597 = 1973 x 89
18779 = 89 x 211
50429 = 211 x 239
375469 = 239 x 1571
1651121 = 1571 x 1051
2102 = 1051 x 2
3722 = 2 x 1861
2376497 = 1861 x 1277
611683 = 1277 x 479
489059 = 479 x 1021
2328901 = 1021 x 2281
3150061 = 2281 x 1381
829981 = 1381 x 601
421301 = 601 x 701
76409 = 701 x 109
38477 = 109 x 353
291931 = 353 x 827
730241 = 827 x 883
959821 = 883 x 1087
1664197 = 1087 x 1531
3057407 = 1531 x 1997
4267589 = 1997 x 2137
4729181 = 2137 x 2213
5335543 = 2213 x 2411
Case #2: SUBDERMATOGLYPHICFJKNQVWXZ
